[INFO] Scanning for projects...
[INFO] 
[INFO] --------------------< cs.msu.edu:CSCI_466_Project >---------------------
[INFO] Building CSCI_466_Project 1.0-SNAPSHOT
[INFO] --------------------------------[ jar ]---------------------------------
[INFO] 
[INFO] --- maven-resources-plugin:2.6:resources (default-resources) @ CSCI_466_Project ---
[WARNING] Using platform encoding (UTF-8 actually) to copy filtered resources, i.e. build is platform dependent!
[INFO] Copying 5 resources
[INFO] 
[INFO] --- maven-compiler-plugin:3.1:compile (default-compile) @ CSCI_466_Project ---
[INFO] Nothing to compile - all classes are up to date
[INFO] 
[INFO] --- maven-resources-plugin:2.6:testResources (default-testResources) @ CSCI_466_Project ---
[WARNING] Using platform encoding (UTF-8 actually) to copy filtered resources, i.e. build is platform dependent!
[INFO] skip non existing resourceDirectory /home/carson/Projects/msu/csci-466-spring2021/grading/scripts/repos/jordan_kelly/src/test/resources
[INFO] 
[INFO] --- maven-compiler-plugin:3.1:testCompile (default-testCompile) @ CSCI_466_Project ---
[INFO] Nothing to compile - all classes are up to date
[INFO] 
[INFO] --- maven-surefire-plugin:2.22.1:test (default-test) @ CSCI_466_Project ---
[INFO] 
[INFO] -------------------------------------------------------
[INFO]  T E S T S
[INFO] -------------------------------------------------------
[INFO] Running edu.montana.csci.csci468.tokenizer.CatScriptTokenizerTest
[ERROR] Tests run: 15, Failures: 8, Errors: 0, Skipped: 0, Time elapsed: 0.059 s <<< FAILURE! - in edu.montana.csci.csci468.tokenizer.CatScriptTokenizerTest
[ERROR] linesAreCorrect  Time elapsed: 0.026 s  <<< FAILURE!
org.opentest4j.AssertionFailedError: expected: <2> but was: <1>
	at edu.montana.csci.csci468.tokenizer.CatScriptTokenizerTest.linesAreCorrect(CatScriptTokenizerTest.java:98)

[ERROR] basicString  Time elapsed: 0.008 s  <<< FAILURE!
org.opentest4j.AssertionFailedError: expected: <[STRING, EOF]> but was: <[ERROR, IDENTIFIER, ERROR, EOF]>
	at edu.montana.csci.csci468.tokenizer.CatScriptTokenizerTest.basicString(CatScriptTokenizerTest.java:33)

[ERROR] basicSyntax  Time elapsed: 0.001 s  <<< FAILURE!
org.opentest4j.AssertionFailedError: expected: <[LEFT_PAREN, RIGHT_PAREN, LEFT_BRACE, RIGHT_BRACE, LEFT_BRACKET, RIGHT_BRACKET, COLON, COMMA, DOT, MINUS, PLUS, SLASH, STAR, BANG_EQUAL, EQUAL, EQUAL_EQUAL, GREATER, GREATER_EQUAL, LESS, LESS_EQUAL, EOF]> but was: <[ERROR, ERROR, ERROR, ERROR, ERROR, ERROR, ERROR, ERROR, ERROR, MINUS, PLUS, ERROR, ERROR, ERROR, EQUAL, EQUAL, EQUAL_EQUAL, ERROR, ERROR, EQUAL, ERROR, ERROR, EQUAL, EOF]>
	at edu.montana.csci.csci468.tokenizer.CatScriptTokenizerTest.basicSyntax(CatScriptTokenizerTest.java:65)

[ERROR] compoundTokensTokenizeProperly  Time elapsed: 0.001 s  <<< FAILURE!
org.opentest4j.AssertionFailedError: expected: <[STRING, DOT, STRING, EOF]> but was: <[ERROR, ERROR, ERROR, ERROR, ERROR, EOF]>
	at edu.montana.csci.csci468.tokenizer.CatScriptTokenizerTest.compoundTokensTokenizeProperly(CatScriptTokenizerTest.java:86)

[ERROR] commentsAreIgnored  Time elapsed: 0.002 s  <<< FAILURE!
org.opentest4j.AssertionFailedError: expected: <[SLASH, SLASH, EOF]> but was: <[ERROR, ERROR, ERROR, ERROR, ERROR, ERROR, ERROR, IDENTIFIER, ERROR, IDENTIFIER, ERROR, ERROR, ERROR, ERROR, IDENTIFIER, EOF]>
	at edu.montana.csci.csci468.tokenizer.CatScriptTokenizerTest.commentsAreIgnored(CatScriptTokenizerTest.java:78)

[ERROR] listLiteralTokenization  Time elapsed: 0.001 s  <<< FAILURE!
org.opentest4j.AssertionFailedError: expected: <[LEFT_BRACKET, INTEGER, COMMA, INTEGER, COMMA, INTEGER, RIGHT_BRACKET, EOF]> but was: <[ERROR, INTEGER, ERROR, INTEGER, ERROR, INTEGER, ERROR, EOF]>
	at edu.montana.csci.csci468.tokenizer.CatScriptTokenizerTest.listLiteralTokenization(CatScriptTokenizerTest.java:91)

[ERROR] lineOffsetsAreCorrect  Time elapsed: 0.001 s  <<< FAILURE!
org.opentest4j.AssertionFailedError: expected: <1> but was: <0>
	at edu.montana.csci.csci468.tokenizer.CatScriptTokenizerTest.lineOffsetsAreCorrect(CatScriptTokenizerTest.java:106)

[ERROR] unterminatedStrings  Time elapsed: 0.001 s  <<< FAILURE!
org.opentest4j.AssertionFailedError: expected: <[ERROR, EOF]> but was: <[ERROR, IDENTIFIER, EOF]>
	at edu.montana.csci.csci468.tokenizer.CatScriptTokenizerTest.unterminatedStrings(CatScriptTokenizerTest.java:42)

[INFO] 
[INFO] Results:
[INFO] 
[ERROR] Failures: 
[ERROR]   CatScriptTokenizerTest.basicString:33->CatscriptTestBase.assertTokensAre:62 expected: <[STRING, EOF]> but was: <[ERROR, IDENTIFIER, ERROR, EOF]>
[ERROR]   CatScriptTokenizerTest.basicSyntax:65->CatscriptTestBase.assertTokensAre:62 expected: <[LEFT_PAREN, RIGHT_PAREN, LEFT_BRACE, RIGHT_BRACE, LEFT_BRACKET, RIGHT_BRACKET, COLON, COMMA, DOT, MINUS, PLUS, SLASH, STAR, BANG_EQUAL, EQUAL, EQUAL_EQUAL, GREATER, GREATER_EQUAL, LESS, LESS_EQUAL, EOF]> but was: <[ERROR, ERROR, ERROR, ERROR, ERROR, ERROR, ERROR, ERROR, ERROR, MINUS, PLUS, ERROR, ERROR, ERROR, EQUAL, EQUAL, EQUAL_EQUAL, ERROR, ERROR, EQUAL, ERROR, ERROR, EQUAL, EOF]>
[ERROR]   CatScriptTokenizerTest.commentsAreIgnored:78->CatscriptTestBase.assertTokensAre:62 expected: <[SLASH, SLASH, EOF]> but was: <[ERROR, ERROR, ERROR, ERROR, ERROR, ERROR, ERROR, IDENTIFIER, ERROR, IDENTIFIER, ERROR, ERROR, ERROR, ERROR, IDENTIFIER, EOF]>
[ERROR]   CatScriptTokenizerTest.compoundTokensTokenizeProperly:86->CatscriptTestBase.assertTokensAre:62 expected: <[STRING, DOT, STRING, EOF]> but was: <[ERROR, ERROR, ERROR, ERROR, ERROR, EOF]>
[ERROR]   CatScriptTokenizerTest.lineOffsetsAreCorrect:106 expected: <1> but was: <0>
[ERROR]   CatScriptTokenizerTest.linesAreCorrect:98 expected: <2> but was: <1>
[ERROR]   CatScriptTokenizerTest.listLiteralTokenization:91->CatscriptTestBase.assertTokensAre:62 expected: <[LEFT_BRACKET, INTEGER, COMMA, INTEGER, COMMA, INTEGER, RIGHT_BRACKET, EOF]> but was: <[ERROR, INTEGER, ERROR, INTEGER, ERROR, INTEGER, ERROR, EOF]>
[ERROR]   CatScriptTokenizerTest.unterminatedStrings:42->CatscriptTestBase.assertTokensAre:62 expected: <[ERROR, EOF]> but was: <[ERROR, IDENTIFIER, EOF]>
[INFO] 
[ERROR] Tests run: 15, Failures: 8, Errors: 0, Skipped: 0
[INFO] 
[INFO] ------------------------------------------------------------------------
[INFO] BUILD FAILURE
[INFO] ------------------------------------------------------------------------
[INFO] Total time:  2.006 s
[INFO] Finished at: 2021-02-11T09:25:05-07:00
[INFO] ------------------------------------------------------------------------
[ERROR] Failed to execute goal org.apache.maven.plugins:maven-surefire-plugin:2.22.1:test (default-test) on project CSCI_466_Project: There are test failures.
[ERROR] 
[ERROR] Please refer to /home/carson/Projects/msu/csci-466-spring2021/grading/scripts/repos/jordan_kelly/target/surefire-reports for the individual test results.
[ERROR] Please refer to dump files (if any exist) [date].dump, [date]-jvmRun[N].dump and [date].dumpstream.
[ERROR] -> [Help 1]
[ERROR] 
[ERROR] To see the full stack trace of the errors, re-run Maven with the -e switch.
[ERROR] Re-run Maven using the -X switch to enable full debug logging.
[ERROR] 
[ERROR] For more information about the errors and possible solutions, please read the following articles:
[ERROR] [Help 1] http://cwiki.apache.org/confluence/display/MAVEN/MojoFailureException
